<?xml version="1.0" encoding="UTF-8"?>
<testsuite name="SnakeTest" tests="4" skipped="0" failures="0" errors="0" timestamp="2023-02-09T12:07:59" hostname="DESKTOP-SMJH0E5" time="0.085">
  <properties/>
  <testcase name="MoveTest()" classname="SnakeTest" time="0.072"/>
  <testcase name="MapBoundaryTest()" classname="SnakeTest" time="0.003"/>
  <testcase name="ConstructorTest()" classname="SnakeTest" time="0.002"/>
  <testcase name="ChangeDirectionTest()" classname="SnakeTest" time="0.002"/>
  <system-out><![CDATA[]]></system-out>
  <system-err><![CDATA[]]></system-err>
</testsuite>
