<?xml version="1.0" encoding="UTF-8"?>
<testsuite name="SnakeTest" tests="1" skipped="0" failures="0" errors="0" timestamp="2023-02-16T12:24:09" hostname="DESKTOP-GPM76D1" time="0.025">
  <properties/>
  <testcase name="SteroidApplicationTest()" classname="SnakeTest" time="0.025"/>
  <system-out><![CDATA[]]></system-out>
  <system-err><![CDATA[]]></system-err>
</testsuite>
